#
# A fatal error has been detected by the Java Runtime Environment:
#
#  SIGSEGV (0xb) at pc=0x0000000104b2b982, pid=22043, tid=0x0000000000000307
#
# JRE version: Java(TM) SE Runtime Environment (8.0_181-b13) (build 1.8.0_181-b13)
# Java VM: Java HotSpot(TM) 64-Bit Server VM (25.181-b13 mixed mode bsd-amd64 compressed oops)
# Problematic frame:
# V  [libjvm.dylib+0x16a982]  ThreadStateTransition::trans_from_native(JavaThreadState)+0xa
#
# Failed to write core dump. Core dumps have been disabled. To enable core dumping, try "ulimit -c unlimited" before starting Java again
#
# If you would like to submit a bug report, please visit:
#   http://bugreport.java.com/bugreport/crash.jsp
#

---------------  T H R E A D  ---------------

Current thread is native thread

siginfo: si_signo: 11 (SIGSEGV), si_code: 1 (SEGV_MAPERR), si_addr: 0x0000000000000270

Registers:
RAX=0x0000000000000000, RBX=0x0000000000000000, RCX=0x00000001051f8720, RDX=0x0000000000000000
RSP=0x00007ffeec21a440, RBP=0x00007ffeec21a450, RSI=0x0000000000000006, RDI=0x00007ffeec21a460
R8 =0x0000000000000000, R9 =0x0000000000000000, R10=0x00007fff91e55ed8, R11=0x00007fe421e54710
R12=0x00007fe4211c61f8, R13=0x00007fe421a01950, R14=0x00007fe41f5549f8, R15=0x00007fe4211c61f8
RIP=0x0000000104b2b982, EFLAGS=0x0000000000010246, ERR=0x0000000000000006
  TRAPNO=0x000000000000000e

Top of Stack: (sp=0x00007ffeec21a440)
0x00007ffeec21a440:   0000000000000000 00007fe41f5549f8
0x00007ffeec21a450:   00007ffeec21a480 0000000104cd7612
0x00007ffeec21a460:   0000000000000000 00007fe421e5ea30
0x00007ffeec21a470:   0000000000000008 00007fe421e5baa0
0x00007ffeec21a480:   00007ffeec21a4a0 00007fff3d7bded1
0x00007ffeec21a490:   00007fe4211c61f8 00007fe4204fc200
0x00007ffeec21a4a0:   00007ffeec21a4c0 00007fff3d7bdce4
0x00007ffeec21a4b0:   00007fe421e5ea00 00007fe41f7d9e30
0x00007ffeec21a4c0:   00007ffeec21a520 000000011f6f7bbb
0x00007ffeec21a4d0:   00007fff378b7b0d 0000000000000000
0x00007ffeec21a4e0:   410ef06fd4e3f511 00007fe4204fc200
0x00007ffeec21a4f0:   00007ffeec21a520 00007fff642e0680
0x00007ffeec21a500:   00007fe421e5baa0 00007fe421a01950
0x00007ffeec21a510:   00007fe421e48780 00007fe4204fc200
0x00007ffeec21a520:   00007ffeec21a5d0 00007fff4419216e
0x00007ffeec21a530:   0000000000000000 0000000000000000
0x00007ffeec21a540:   00007fe421e5baa0 0000000000000000
0x00007ffeec21a550:   00000004211e0000 0000000000000000
0x00007ffeec21a560:   410ef06fd4e3f511 00007fe421e5baa0
0x00007ffeec21a570:   00007fe421e5baa0 0000000000000000
0x00007ffeec21a580:   0000000000000000 00007ffeec21a5a8
0x00007ffeec21a590:   00007ffeec21a5d0 00007fff44191999
0x00007ffeec21a5a0:   76b78fd559150014 00007fff642e0680
0x00007ffeec21a5b0:   0000000000000004 0000000000000000
0x00007ffeec21a5c0:   00007fe421e5baa0 00007fff378b7b0d
0x00007ffeec21a5d0:   00007ffeec21a650 00007fff44191766
0x00007ffeec21a5e0:   00000000000015be 406f400000000000
0x00007ffeec21a5f0:   4091300000000000 4000000000000000
0x00007ffeec21a600:   0000000000000000 0000000000000000
0x00007ffeec21a610:   4091300000000000 406f400000000000
0x00007ffeec21a620:   76b78fd559150014 00007ffeec21a720
0x00007ffeec21a630:   00007fe421a01240 00007fff642e0680 

Instructions: (pc=0x0000000104b2b982)
0x0000000104b2b962:   0e 48 8b 0b 49 8b 56 18 48 63 c0 48 89 0c c2 5b
0x0000000104b2b972:   41 5e 5d c3 90 90 55 48 89 e5 41 56 53 48 8b 1f
0x0000000104b2b982:   c7 83 70 02 00 00 05 00 00 00 48 8d 05 c5 e8 78
0x0000000104b2b992:   00 8b 00 83 f8 01 41 89 f6 75 0c 48 8d 0d 02 54 

Register to memory mapping:

RAX=0x0000000000000000 is an unknown value
RBX=0x0000000000000000 is an unknown value
RCX=0x00000001051f8720: jni_NativeInterface+0 in /Library/Java/JavaVirtualMachines/jdk1.8.0_181.jdk/Contents/Home/jre/lib/server/libjvm.dylib at 0x00000001049c1000
RDX=0x0000000000000000 is an unknown value
RSP=0x00007ffeec21a440 is an unknown value
RBP=0x00007ffeec21a450 is an unknown value
RSI=0x0000000000000006 is an unknown value
RDI=0x00007ffeec21a460 is an unknown value
R8 =0x0000000000000000 is an unknown value
R9 =0x0000000000000000 is an unknown value
R10=0x00007fff91e55ed8: OBJC_CLASS_$_JNFWeakJObjectWrapper+0 in /System/Library/Frameworks/JavaVM.framework/Versions/A/Frameworks/JavaNativeFoundation.framework/Versions/A/JavaNativeFoundation at 0x00007fff3d7b7000
R11=0x00007fe421e54710 is an unknown value
R12=0x00007fe4211c61f8 is an unknown value
R13=0x00007fe421a01950 is an unknown value
R14=0x00007fe41f5549f8 is a weak global jni handle
R15=0x00007fe4211c61f8 is an unknown value


Stack: [0x00007ffeeba1f000,0x00007ffeec21f000],  sp=0x00007ffeec21a440,  free space=8173k
Native frames: (J=compiled Java code, j=interpreted, Vv=VM code, C=native code)
V  [libjvm.dylib+0x16a982]  ThreadStateTransition::trans_from_native(JavaThreadState)+0xa
V  [libjvm.dylib+0x316612]  jni_IsSameObject+0x30
C  [JavaNativeFoundation+0x6ed1]  -[JNFWeakJObjectWrapper _getWithEnv:]+0x26
C  [JavaNativeFoundation+0x6ce4]  -[JNFJObjectWrapper jObjectWithEnv:]+0x16
C  [libawt_lwawt.dylib+0x1abbb]  -[CGLLayer drawInCGLContext:pixelFormat:forLayerTime:displayTime:]+0xa4
C  [QuartzCore+0xb316e]  CAOpenGLLayerDraw(CAOpenGLLayer*, double, CVTimeStamp const*, unsigned int)+0x79d
C  [QuartzCore+0xb2766]  -[CAOpenGLLayer _display]+0x244
C  [QuartzCore+0x14d1d]  CA::Layer::display_if_needed(CA::Transaction*)+0x273
C  [QuartzCore+0x2f42]  CA::Context::commit_transaction(CA::Transaction*)+0x156
C  [QuartzCore+0x258a]  CA::Transaction::commit()+0x24c
C  [AppKit+0x11c0a1]  __65+[CATransaction(NSCATransaction) NS_setFlushesWithDisplayRefresh]_block_invoke+0x112
C  [CoreFoundation+0x97e88]  __CFRUNLOOP_IS_CALLING_OUT_TO_AN_OBSERVER_CALLBACK_FUNCTION__+0x17
C  [CoreFoundation+0x97dbd]  __CFRunLoopDoObservers+0x1c3
C  [CoreFoundation+0x3a4d0]  __CFRunLoopRun+0x470
C  [CoreFoundation+0x39e0e]  CFRunLoopRunSpecific+0x1c7
C  [java+0x646e]  CreateExecutionEnvironment+0x367
C  [java+0x203c]  JLI_Launch+0x7a0
C  [java+0x84cb]  main+0x65
C  [java+0x1894]  start+0x34


---------------  P R O C E S S  ---------------

VM state:not at safepoint (normal execution)

VM Mutex/Monitor currently owned by a thread: None

Heap:
 PSYoungGen      total 34816K, used 5866K [0x0000000795580000, 0x0000000798580000, 0x00000007c0000000)
  eden space 30720K, 6% used [0x0000000795580000,0x0000000795797048,0x0000000797380000)
  from space 4096K, 90% used [0x0000000797400000,0x00000007977a3b00,0x0000000797800000)
  to   space 9216K, 0% used [0x0000000797c80000,0x0000000797c80000,0x0000000798580000)
 ParOldGen       total 49664K, used 9125K [0x0000000740000000, 0x0000000743080000, 0x0000000795580000)
  object space 49664K, 18% used [0x0000000740000000,0x00000007408e9720,0x0000000743080000)
 Metaspace       used 22486K, capacity 23300K, committed 23424K, reserved 1069056K
  class space    used 2964K, capacity 3186K, committed 3200K, reserved 1048576K

Card table byte_map: [0x0000000114975000,0x0000000114d76000] byte_map_base: 0x0000000110f75000

Marking Bits: (ParMarkBitMap*) 0x00000001052bacd0
 Begin Bits: [0x0000000115021000, 0x0000000117021000)
 End Bits:   [0x0000000117021000, 0x0000000119021000)

Polling page: 0x0000000103a5a000

CodeCache: size=245760Kb used=12745Kb max_used=12747Kb free=233014Kb
 bounds [0x0000000105975000, 0x00000001065f5000, 0x0000000114975000]
 total_blobs=4686 nmethods=3856 adapters=741
 compilation: enabled

Compilation events (10 events):
Event: 13.949 Thread 0x00007fe41f82e800 3857       3       sun.awt.image.MultiResolutionCachedImage$ImageCacheKey::equals (53 bytes)
Event: 13.950 Thread 0x00007fe41f82e800 nmethod 3857 0x00000001065ea610 code [0x00000001065ea780, 0x00000001065eabf0]
Event: 13.950 Thread 0x00007fe41f82e800 3855       3       sun.java2d.SunGraphics2D::setClip (14 bytes)
Event: 13.950 Thread 0x00007fe41f82e800 nmethod 3855 0x00000001065eacd0 code [0x00000001065eae40, 0x00000001065eb118]
Event: 13.950 Thread 0x00007fe41f82e800 3860       3       java.lang.invoke.DirectMethodHandle::make (242 bytes)
Event: 13.951 Thread 0x00007fe41f82e800 nmethod 3860 0x00000001065eb1d0 code [0x00000001065eb520, 0x00000001065ece68]
Event: 13.951 Thread 0x00007fe41f82e800 3861       3       java.lang.invoke.MemberName::isField (7 bytes)
Event: 13.951 Thread 0x00007fe41f82e800 nmethod 3861 0x00000001065eda90 code [0x00000001065edc00, 0x00000001065ede70]
Event: 13.951 Thread 0x00007fe41f82e800 3864       3       java.util.concurrent.locks.ReentrantReadWriteLock$Sync::tryReleaseShared (147 bytes)
Event: 13.951 Thread 0x00007fe41f82d800 3865       4       sun.awt.AppContext::getAppContext (51 bytes)

GC Heap History (10 events):
Event: 8.954 GC heap before
{Heap before GC invocations=6 (full 1):
 PSYoungGen      total 38400K, used 36193K [0x0000000795580000, 0x0000000798000000, 0x00000007c0000000)
  eden space 33280K, 100% used [0x0000000795580000,0x0000000797600000,0x0000000797600000)
  from space 5120K, 56% used [0x0000000797b00000,0x0000000797dd87a0,0x0000000798000000)
  to   space 5120K, 0% used [0x0000000797600000,0x0000000797600000,0x0000000797b00000)
 ParOldGen       total 49664K, used 9043K [0x0000000740000000, 0x0000000743080000, 0x0000000795580000)
  object space 49664K, 18% used [0x0000000740000000,0x00000007408d4d20,0x0000000743080000)
 Metaspace       used 21848K, capacity 22510K, committed 22656K, reserved 1069056K
  class space    used 2904K, capacity 3117K, committed 3200K, reserved 1048576K
Event: 8.956 GC heap after
Heap after GC invocations=6 (full 1):
 PSYoungGen      total 37888K, used 3001K [0x0000000795580000, 0x0000000798b80000, 0x00000007c0000000)
  eden space 32768K, 0% used [0x0000000795580000,0x0000000795580000,0x0000000797580000)
  from space 5120K, 58% used [0x0000000797600000,0x00000007978ee550,0x0000000797b00000)
  to   space 11264K, 0% used [0x0000000798080000,0x0000000798080000,0x0000000798b80000)
 ParOldGen       total 49664K, used 9051K [0x0000000740000000, 0x0000000743080000, 0x0000000795580000)
  object space 49664K, 18% used [0x0000000740000000,0x00000007408d6d20,0x0000000743080000)
 Metaspace       used 21848K, capacity 22510K, committed 22656K, reserved 1069056K
  class space    used 2904K, capacity 3117K, committed 3200K, reserved 1048576K
}
Event: 9.725 GC heap before
{Heap before GC invocations=7 (full 1):
 PSYoungGen      total 37888K, used 35769K [0x0000000795580000, 0x0000000798b80000, 0x00000007c0000000)
  eden space 32768K, 100% used [0x0000000795580000,0x0000000797580000,0x0000000797580000)
  from space 5120K, 58% used [0x0000000797600000,0x00000007978ee550,0x0000000797b00000)
  to   space 11264K, 0% used [0x0000000798080000,0x0000000798080000,0x0000000798b80000)
 ParOldGen       total 49664K, used 9091K [0x0000000740000000, 0x0000000743080000, 0x0000000795580000)
  object space 49664K, 18% used [0x0000000740000000,0x00000007408e0f90,0x0000000743080000)
 Metaspace       used 21944K, capacity 22638K, committed 22912K, reserved 1069056K
  class space    used 2905K, capacity 3117K, committed 3200K, reserved 1048576K
Event: 9.730 GC heap after
Heap after GC invocations=7 (full 1):
 PSYoungGen      total 41984K, used 3129K [0x0000000795580000, 0x0000000798a00000, 0x00000007c0000000)
  eden space 32256K, 0% used [0x0000000795580000,0x0000000795580000,0x0000000797500000)
  from space 9728K, 32% used [0x0000000798080000,0x000000079838e550,0x0000000798a00000)
  to   space 10752K, 0% used [0x0000000797500000,0x0000000797500000,0x0000000797f80000)
 ParOldGen       total 49664K, used 9099K [0x0000000740000000, 0x0000000743080000, 0x0000000795580000)
  object space 49664K, 18% used [0x0000000740000000,0x00000007408e2f90,0x0000000743080000)
 Metaspace       used 21944K, capacity 22638K, committed 22912K, reserved 1069056K
  class space    used 2905K, capacity 3117K, committed 3200K, reserved 1048576K
}
Event: 10.295 GC heap before
{Heap before GC invocations=8 (full 1):
 PSYoungGen      total 41984K, used 35385K [0x0000000795580000, 0x0000000798a00000, 0x00000007c0000000)
  eden space 32256K, 100% used [0x0000000795580000,0x0000000797500000,0x0000000797500000)
  from space 9728K, 32% used [0x0000000798080000,0x000000079838e550,0x0000000798a00000)
  to   space 10752K, 0% used [0x0000000797500000,0x0000000797500000,0x0000000797f80000)
 ParOldGen       total 49664K, used 9101K [0x0000000740000000, 0x0000000743080000, 0x0000000795580000)
  object space 49664K, 18% used [0x0000000740000000,0x00000007408e3720,0x0000000743080000)
 Metaspace       used 22006K, capacity 22702K, committed 22912K, reserved 1069056K
  class space    used 2905K, capacity 3117K, committed 3200K, reserved 1048576K
Event: 10.298 GC heap after
Heap after GC invocations=8 (full 1):
 PSYoungGen      total 35328K, used 3321K [0x0000000795580000, 0x0000000798780000, 0x00000007c0000000)
  eden space 31744K, 0% used [0x0000000795580000,0x0000000795580000,0x0000000797480000)
  from space 3584K, 92% used [0x0000000797500000,0x000000079783e550,0x0000000797880000)
  to   space 9728K, 0% used [0x0000000797e00000,0x0000000797e00000,0x0000000798780000)
 ParOldGen       total 49664K, used 9109K [0x0000000740000000, 0x0000000743080000, 0x0000000795580000)
  object space 49664K, 18% used [0x0000000740000000,0x00000007408e5720,0x0000000743080000)
 Metaspace       used 22006K, capacity 22702K, committed 22912K, reserved 1069056K
  class space    used 2905K, capacity 3117K, committed 3200K, reserved 1048576K
}
Event: 11.043 GC heap before
{Heap before GC invocations=9 (full 1):
 PSYoungGen      total 35328K, used 35065K [0x0000000795580000, 0x0000000798780000, 0x00000007c0000000)
  eden space 31744K, 100% used [0x0000000795580000,0x0000000797480000,0x0000000797480000)
  from space 3584K, 92% used [0x0000000797500000,0x000000079783e550,0x0000000797880000)
  to   space 9728K, 0% used [0x0000000797e00000,0x0000000797e00000,0x0000000798780000)
 ParOldGen       total 49664K, used 9109K [0x0000000740000000, 0x0000000743080000, 0x0000000795580000)
  object space 49664K, 18% used [0x0000000740000000,0x00000007408e5720,0x0000000743080000)
 Metaspace       used 22116K, capacity 22830K, committed 23168K, reserved 1069056K
  class space    used 2905K, capacity 3117K, committed 3200K, reserved 1048576K
Event: 11.046 GC heap after
Heap after GC invocations=9 (full 1):
 PSYoungGen      total 39424K, used 3537K [0x0000000795580000, 0x0000000798600000, 0x00000007c0000000)
  eden space 31232K, 0% used [0x0000000795580000,0x0000000795580000,0x0000000797400000)
  from space 8192K, 43% used [0x0000000797e00000,0x00000007981744d0,0x0000000798600000)
  to   space 9216K, 0% used [0x0000000797400000,0x0000000797400000,0x0000000797d00000)
 ParOldGen       total 49664K, used 9117K [0x0000000740000000, 0x0000000743080000, 0x0000000795580000)
  object space 49664K, 18% used [0x0000000740000000,0x00000007408e7720,0x0000000743080000)
 Metaspace       used 22116K, capacity 22830K, committed 23168K, reserved 1069056K
  class space    used 2905K, capacity 3117K, committed 3200K, reserved 1048576K
}
Event: 12.896 GC heap before
{Heap before GC invocations=10 (full 1):
 PSYoungGen      total 39424K, used 34721K [0x0000000795580000, 0x0000000798600000, 0x00000007c0000000)
  eden space 31232K, 99% used [0x0000000795580000,0x00000007973f42c0,0x0000000797400000)
  from space 8192K, 43% used [0x0000000797e00000,0x00000007981744d0,0x0000000798600000)
  to   space 9216K, 0% used [0x0000000797400000,0x0000000797400000,0x0000000797d00000)
 ParOldGen       total 49664K, used 9117K [0x0000000740000000, 0x0000000743080000, 0x0000000795580000)
  object space 49664K, 18% used [0x0000000740000000,0x00000007408e7720,0x0000000743080000)
 Metaspace       used 22438K, capacity 23122K, committed 23168K, reserved 1069056K
  class space    used 2957K, capacity 3175K, committed 3200K, reserved 1048576K
Event: 12.899 GC heap after
Heap after GC invocations=10 (full 1):
 PSYoungGen      total 34816K, used 3726K [0x0000000795580000, 0x0000000798580000, 0x00000007c0000000)
  eden space 30720K, 0% used [0x0000000795580000,0x0000000795580000,0x0000000797380000)
  from space 4096K, 90% used [0x0000000797400000,0x00000007977a3b00,0x0000000797800000)
  to   space 9216K, 0% used [0x0000000797c80000,0x0000000797c80000,0x0000000798580000)
 ParOldGen       total 49664K, used 9125K [0x0000000740000000, 0x0000000743080000, 0x0000000795580000)
  object space 49664K, 18% used [0x0000000740000000,0x00000007408e9720,0x0000000743080000)
 Metaspace       used 22438K, capacity 23122K, committed 23168K, reserved 1069056K
  class space    used 2957K, capacity 3175K, committed 3200K, reserved 1048576K
}

Deoptimization events (10 events):
Event: 9.613 Thread 0x00007fe4211c6000 Uncommon trap: reason=unstable_if action=reinterpret pc=0x00000001063460c4 method=com.sun.javafx.font.CompositeGlyphMapper.getAsciiGlyphCode(I)I @ 10
Event: 9.613 Thread 0x00007fe4211c6000 Uncommon trap: reason=unstable_if action=reinterpret pc=0x000000010612a9a0 method=com.sun.javafx.font.CompositeGlyphMapper.getAsciiGlyphCode(I)I @ 10
Event: 9.613 Thread 0x00007fe4211c6000 Uncommon trap: reason=unstable_if action=reinterpret pc=0x000000010611ddc8 method=com.sun.javafx.font.CompositeGlyphMapper.getAsciiGlyphCode(I)I @ 10
Event: 9.636 Thread 0x00007fe420888800 Uncommon trap: reason=unstable_if action=reinterpret pc=0x000000010630ee08 method=com.sun.javafx.font.FontStrikeDesc.hashCode()I @ 4
Event: 10.117 Thread 0x00007fe420888800 Uncommon trap: reason=unstable_if action=reinterpret pc=0x00000001061d5ed0 method=com.sun.javafx.geom.Path2D$TxIterator.currentSegment([F)I @ 20
Event: 11.112 Thread 0x00007fe42017b000 Uncommon trap: reason=bimorphic action=maybe_recompile pc=0x0000000105f39a64 method=javax.swing.RepaintManager.addDirtyRegion0(Ljava/awt/Container;IIII)V @ 16
Event: 11.135 Thread 0x00007fe4211c6000 Uncommon trap: reason=bimorphic action=maybe_recompile pc=0x00000001065726e0 method=java.util.SubList$1.<init>(Ljava/util/SubList;I)V @ 34
Event: 11.135 Thread 0x00007fe4211c6000 Uncommon trap: reason=unstable_if action=reinterpret pc=0x0000000105f011a4 method=java.util.HashMap$HashIterator.<init>(Ljava/util/HashMap;)V @ 38
Event: 12.815 Thread 0x00007fe4211c6000 Uncommon trap: reason=unstable_if action=reinterpret pc=0x00000001065a68a8 method=com.sun.javafx.geom.Shape.pointCrossingsForLine(FFFFFF)I @ 40
Event: 13.919 Thread 0x00007fe42017b000 Uncommon trap: reason=bimorphic action=maybe_recompile pc=0x0000000105f39a64 method=javax.swing.RepaintManager.addDirtyRegion0(Ljava/awt/Container;IIII)V @ 16

Classes redefined (0 events):
No events

Internal exceptions (10 events):
Event: 5.037 Thread 0x00007fe42017b000 Exception <a 'java/lang/NullPointerException'> (0x0000000795eb1ed8) thrown at [/Users/java_re/workspace/8-2-build-macosx-x86_64/jdk8u181/11358/hotspot/src/share/vm/runtime/sharedRuntime.cpp, line 605]
Event: 5.037 Thread 0x00007fe42017b000 Implicit null exception at 0x0000000105ebf9ff to 0x0000000105ec0537
Event: 5.037 Thread 0x00007fe42017b000 Exception <a 'java/lang/NullPointerException'> (0x0000000795eb2530) thrown at [/Users/java_re/workspace/8-2-build-macosx-x86_64/jdk8u181/11358/hotspot/src/share/vm/runtime/sharedRuntime.cpp, line 605]
Event: 5.693 Thread 0x00007fe42017b000 Implicit null exception at 0x0000000105ebf9ff to 0x0000000105ec0537
Event: 5.693 Thread 0x00007fe42017b000 Exception <a 'java/lang/NullPointerException'> (0x00000007961d6618) thrown at [/Users/java_re/workspace/8-2-build-macosx-x86_64/jdk8u181/11358/hotspot/src/share/vm/runtime/sharedRuntime.cpp, line 605]
Event: 5.693 Thread 0x00007fe42017b000 Implicit null exception at 0x0000000105ebf9ff to 0x0000000105ec0537
Event: 5.693 Thread 0x00007fe42017b000 Exception <a 'java/lang/NullPointerException'> (0x00000007961d6ba0) thrown at [/Users/java_re/workspace/8-2-build-macosx-x86_64/jdk8u181/11358/hotspot/src/share/vm/runtime/sharedRuntime.cpp, line 605]
Event: 5.704 Thread 0x00007fe42017b000 Implicit null exception at 0x0000000105ebf9ff to 0x0000000105ec0537
Event: 5.704 Thread 0x00007fe42017b000 Exception <a 'java/lang/NullPointerException'> (0x000000079630c288) thrown at [/Users/java_re/workspace/8-2-build-macosx-x86_64/jdk8u181/11358/hotspot/src/share/vm/runtime/sharedRuntime.cpp, line 605]
Event: 11.135 Thread 0x00007fe4211c6000 Implicit null exception at 0x0000000105f00f46 to 0x0000000105f0118d

Events (10 events):
Event: 13.940 loading class javafx/application/Application done
Event: 13.950 loading class com/sun/javafx/tk/quantum/QuantumRenderer
Event: 13.950 loading class com/sun/javafx/tk/quantum/QuantumRenderer done
Event: 13.950 loading class com/sun/javafx/tk/quantum/QuantumToolkit
Event: 13.950 loading class com/sun/javafx/tk/quantum/QuantumToolkit done
Event: 13.950 Thread 0x00007fe420888800 Thread exited: 0x00007fe420888800
Event: 13.950 Thread 0x00007fe42017c000 Thread exited: 0x00007fe42017c000
Event: 13.950 Thread 0x00007fe420003800 Thread exited: 0x00007fe420003800
Event: 13.950 Thread 0x00007fe420888800 Thread added: 0x00007fe420888800
Event: 13.951 Thread 0x00007fe4211c6000 Thread exited: 0x00007fe4211c6000


Dynamic libraries:
0x00007fff38e86000 	/System/Library/Frameworks/Cocoa.framework/Versions/A/Cocoa
0x00007fff44b68000 	/System/Library/Frameworks/Security.framework/Versions/A/Security
0x00007fff37b1b000 	/System/Library/Frameworks/ApplicationServices.framework/Versions/A/ApplicationServices
0x00007fff651b0000 	/usr/lib/libz.1.dylib
0x00007fff628e0000 	/usr/lib/libSystem.B.dylib
0x00007fff642da000 	/usr/lib/libobjc.A.dylib
0x00007fff3966e000 	/System/Library/Frameworks/CoreFoundation.framework/Versions/A/CoreFoundation
0x00007fff3b8e2000 	/System/Library/Frameworks/Foundation.framework/Versions/C/Foundation
0x00007fff36d14000 	/System/Library/Frameworks/AppKit.framework/Versions/C/AppKit
0x00007fff39201000 	/System/Library/Frameworks/CoreData.framework/Versions/A/CoreData
0x00007fff5c42f000 	/System/Library/PrivateFrameworks/RemoteViewServices.framework/Versions/A/RemoteViewServices
0x00007fff60623000 	/System/Library/PrivateFrameworks/UIFoundation.framework/Versions/A/UIFoundation
0x00007fff61d05000 	/System/Library/PrivateFrameworks/XCTTargetBootstrap.framework/Versions/A/XCTTargetBootstrap
0x00007fff5726c000 	/System/Library/PrivateFrameworks/IconServices.framework/Versions/A/IconServices
0x00007fff3e1fb000 	/System/Library/Frameworks/Metal.framework/Versions/A/Metal
0x00007fff4e7f7000 	/System/Library/PrivateFrameworks/DesktopServicesPriv.framework/Versions/A/DesktopServicesPriv
0x00007fff63640000 	/usr/lib/libenergytrace.dylib
0x00007fff5eb12000 	/System/Library/PrivateFrameworks/SkyLight.framework/Versions/A/SkyLight
0x00007fff39ab3000 	/System/Library/Frameworks/CoreGraphics.framework/Versions/A/CoreGraphics
0x00007fff35ae0000 	/System/Library/Frameworks/Accelerate.framework/Versions/A/Accelerate
0x00007fff3c028000 	/System/Library/Frameworks/IOSurface.framework/Versions/A/IOSurface
0x00007fff4e663000 	/System/Library/PrivateFrameworks/DFRFoundation.framework/Versions/A/DFRFoundation
0x00007fff37ffe000 	/System/Library/Frameworks/AudioToolbox.framework/Versions/A/AudioToolbox
0x00007fff38277000 	/System/Library/Frameworks/AudioUnit.framework/Versions/A/AudioUnit
0x00007fff4e6f8000 	/System/Library/PrivateFrameworks/DataDetectorsCore.framework/Versions/A/DataDetectorsCore
0x00007fff3898a000 	/System/Library/Frameworks/Carbon.framework/Versions/A/Frameworks/HIToolbox.framework/Versions/A/HIToolbox
0x00007fff63799000 	/usr/lib/libicucore.A.dylib
0x00007fff440df000 	/System/Library/Frameworks/QuartzCore.framework/Versions/A/QuartzCore
0x00007fff38d5e000 	/System/Library/Frameworks/Carbon.framework/Versions/A/Frameworks/SpeechRecognition.framework/Versions/A/SpeechRecognition
0x00007fff62a34000 	/usr/lib/libauto.dylib
0x00007fff650a4000 	/usr/lib/libxml2.2.dylib
0x00007fff4e243000 	/System/Library/PrivateFrameworks/CoreUI.framework/Versions/A/CoreUI
0x00007fff390ec000 	/System/Library/Frameworks/CoreAudio.framework/Versions/A/CoreAudio
0x00007fff3b71e000 	/System/Library/Frameworks/DiskArbitration.framework/Versions/A/DiskArbitration
0x00007fff63a46000 	/usr/lib/liblangid.dylib
0x00007fff5866b000 	/System/Library/PrivateFrameworks/MultitouchSupport.framework/Versions/A/MultitouchSupport
0x00007fff3bf97000 	/System/Library/Frameworks/IOKit.framework/Versions/A/IOKit
0x00007fff624a1000 	/usr/lib/libDiagnosticMessagesClient.dylib
0x00007fff3a8bf000 	/System/Library/Frameworks/CoreServices.framework/Versions/A/CoreServices
0x00007fff5a241000 	/System/Library/PrivateFrameworks/PerformanceAnalysis.framework/Versions/A/PerformanceAnalysis
0x00007fff432cf000 	/System/Library/Frameworks/OpenGL.framework/Versions/A/OpenGL
0x00007fff38e94000 	/System/Library/Frameworks/ColorSync.framework/Versions/A/ColorSync
0x00007fff3a144000 	/System/Library/Frameworks/CoreImage.framework/Versions/A/CoreImage
0x00007fff3b298000 	/System/Library/Frameworks/CoreText.framework/Versions/A/CoreText
0x00007fff3c08b000 	/System/Library/Frameworks/ImageIO.framework/Versions/A/ImageIO
0x00007fff4a8a1000 	/System/Library/PrivateFrameworks/Backup.framework/Versions/A/Backup
0x00007fff62987000 	/usr/lib/libarchive.2.dylib
0x00007fff385cf000 	/System/Library/Frameworks/CFNetwork.framework/Versions/A/CFNetwork
0x00007fff452c1000 	/System/Library/Frameworks/SystemConfiguration.framework/Versions/A/SystemConfiguration
0x00007fff623d2000 	/usr/lib/libCRFSuite.dylib
0x00007fff62b23000 	/usr/lib/libc++.1.dylib
0x00007fff62b77000 	/usr/lib/libc++abi.dylib
0x00007fff6599f000 	/usr/lib/system/libcache.dylib
0x00007fff659a4000 	/usr/lib/system/libcommonCrypto.dylib
0x00007fff659af000 	/usr/lib/system/libcompiler_rt.dylib
0x00007fff659b7000 	/usr/lib/system/libcopyfile.dylib
0x00007fff659c1000 	/usr/lib/system/libcorecrypto.dylib
0x00007fff65acc000 	/usr/lib/system/libdispatch.dylib
0x00007fff65b06000 	/usr/lib/system/libdyld.dylib
0x00007fff65b33000 	/usr/lib/system/libkeymgr.dylib
0x00007fff65b41000 	/usr/lib/system/liblaunch.dylib
0x00007fff65b42000 	/usr/lib/system/libmacho.dylib
0x00007fff65b48000 	/usr/lib/system/libquarantine.dylib
0x00007fff65b4b000 	/usr/lib/system/libremovefile.dylib
0x00007fff65b4d000 	/usr/lib/system/libsystem_asl.dylib
0x00007fff65b65000 	/usr/lib/system/libsystem_blocks.dylib
0x00007fff65b66000 	/usr/lib/system/libsystem_c.dylib
0x00007fff65bee000 	/usr/lib/system/libsystem_configuration.dylib
0x00007fff65bf2000 	/usr/lib/system/libsystem_coreservices.dylib
0x00007fff65bf6000 	/usr/lib/system/libsystem_darwin.dylib
0x00007fff65bfd000 	/usr/lib/system/libsystem_dnssd.dylib
0x00007fff65c04000 	/usr/lib/system/libsystem_info.dylib
0x00007fff65c79000 	/usr/lib/system/libsystem_m.dylib
0x00007fff65cc5000 	/usr/lib/system/libsystem_malloc.dylib
0x00007fff65cea000 	/usr/lib/system/libsystem_networkextension.dylib
0x00007fff65cf5000 	/usr/lib/system/libsystem_notify.dylib
0x00007fff65d12000 	/usr/lib/system/libsystem_sandbox.dylib
0x00007fff65d16000 	/usr/lib/system/libsystem_secinit.dylib
0x00007fff65c50000 	/usr/lib/system/libsystem_kernel.dylib
0x00007fff65cfd000 	/usr/lib/system/libsystem_platform.dylib
0x00007fff65d07000 	/usr/lib/system/libsystem_pthread.dylib
0x00007fff65d19000 	/usr/lib/system/libsystem_symptoms.dylib
0x00007fff65d21000 	/usr/lib/system/libsystem_trace.dylib
0x00007fff65d38000 	/usr/lib/system/libunwind.dylib
0x00007fff65d3e000 	/usr/lib/system/libxpc.dylib
0x00007fff62b04000 	/usr/lib/libbsm.0.dylib
0x00007fff65b34000 	/usr/lib/system/libkxld.dylib
0x00007fff49ae7000 	/System/Library/PrivateFrameworks/AppleFSCompression.framework/Versions/A/AppleFSCompression
0x00007fff627a0000 	/usr/lib/libOpenScriptingUtil.dylib
0x00007fff62e2c000 	/usr/lib/libcoretls.dylib
0x00007fff62e43000 	/usr/lib/libcoretls_cfhelpers.dylib
0x00007fff64a71000 	/usr/lib/libpam.2.dylib
0x00007fff64c31000 	/usr/lib/libsqlite3.dylib
0x00007fff65092000 	/usr/lib/libxar.1.dylib
0x00007fff62b15000 	/usr/lib/libbz2.1.0.dylib
0x00007fff63a48000 	/usr/lib/liblzma.5.dylib
0x00007fff63ef9000 	/usr/lib/libnetwork.dylib
0x00007fff62970000 	/usr/lib/libapple_nghttp2.dylib
0x00007fff64a78000 	/usr/lib/libpcap.A.dylib
0x00007fff3ac5e000 	/System/Library/Frameworks/CoreServices.framework/Versions/A/Frameworks/FSEvents.framework/Versions/A/FSEvents
0x00007fff3a93d000 	/System/Library/Frameworks/CoreServices.framework/Versions/A/Frameworks/CarbonCore.framework/Versions/A/CarbonCore
0x00007fff3ae1a000 	/System/Library/Frameworks/CoreServices.framework/Versions/A/Frameworks/Metadata.framework/Versions/A/Metadata
0x00007fff3aeb9000 	/System/Library/Frameworks/CoreServices.framework/Versions/A/Frameworks/OSServices.framework/Versions/A/OSServices
0x00007fff3af04000 	/System/Library/Frameworks/CoreServices.framework/Versions/A/Frameworks/SearchKit.framework/Versions/A/SearchKit
0x00007fff3a8c0000 	/System/Library/Frameworks/CoreServices.framework/Versions/A/Frameworks/AE.framework/Versions/A/AE
0x00007fff3ac67000 	/System/Library/Frameworks/CoreServices.framework/Versions/A/Frameworks/LaunchServices.framework/Versions/A/LaunchServices
0x00007fff3ac15000 	/System/Library/Frameworks/CoreServices.framework/Versions/A/Frameworks/DictionaryServices.framework/Versions/A/DictionaryServices
0x00007fff3af6c000 	/System/Library/Frameworks/CoreServices.framework/Versions/A/Frameworks/SharedFileList.framework/Versions/A/SharedFileList
0x00007fff3f2aa000 	/System/Library/Frameworks/NetFS.framework/Versions/A/NetFS
0x00007fff588d1000 	/System/Library/PrivateFrameworks/NetAuth.framework/Versions/A/NetAuth
0x00007fff62109000 	/System/Library/PrivateFrameworks/login.framework/Versions/A/Frameworks/loginsupport.framework/Versions/A/loginsupport
0x00007fff6022c000 	/System/Library/PrivateFrameworks/TCC.framework/Versions/A/TCC
0x00007fff4d8a2000 	/System/Library/PrivateFrameworks/CoreNLP.framework/Versions/A/CoreNLP
0x00007fff5836b000 	/System/Library/PrivateFrameworks/MetadataUtilities.framework/Versions/A/MetadataUtilities
0x00007fff63b1d000 	/usr/lib/libmecabra.dylib
0x00007fff37b1c000 	/System/Library/Frameworks/ApplicationServices.framework/Versions/A/Frameworks/ATS.framework/Versions/A/ATS
0x00007fff37e6b000 	/System/Library/Frameworks/ApplicationServices.framework/Versions/A/Frameworks/ColorSyncLegacy.framework/Versions/A/ColorSyncLegacy
0x00007fff37f0a000 	/System/Library/Frameworks/ApplicationServices.framework/Versions/A/Frameworks/HIServices.framework/Versions/A/HIServices
0x00007fff37f5d000 	/System/Library/Frameworks/ApplicationServices.framework/Versions/A/Frameworks/LangAnalysis.framework/Versions/A/LangAnalysis
0x00007fff37f6d000 	/System/Library/Frameworks/ApplicationServices.framework/Versions/A/Frameworks/PrintCore.framework/Versions/A/PrintCore
0x00007fff37fb7000 	/System/Library/Frameworks/ApplicationServices.framework/Versions/A/Frameworks/QD.framework/Versions/A/QD
0x00007fff37ff1000 	/System/Library/Frameworks/ApplicationServices.framework/Versions/A/Frameworks/SpeechSynthesis.framework/Versions/A/SpeechSynthesis
0x00007fff62b9f000 	/usr/lib/libcompression.dylib
0x00007fff39586000 	/System/Library/Frameworks/CoreDisplay.framework/Versions/A/CoreDisplay
0x00007fff3e4b2000 	/System/Library/Frameworks/MetalPerformanceShaders.framework/Versions/A/MetalPerformanceShaders
0x00007fff35af8000 	/System/Library/Frameworks/Accelerate.framework/Versions/A/Frameworks/vImage.framework/Versions/A/vImage
0x00007fff36b72000 	/System/Library/Frameworks/Accelerate.framework/Versions/A/Frameworks/vecLib.framework/Versions/A/vecLib
0x00007fff36abe000 	/System/Library/Frameworks/Accelerate.framework/Versions/A/Frameworks/vecLib.framework/Versions/A/libvMisc.dylib
0x00007fff368d6000 	/System/Library/Frameworks/Accelerate.framework/Versions/A/Frameworks/vecLib.framework/Versions/A/libvDSP.dylib
0x00007fff36192000 	/System/Library/Frameworks/Accelerate.framework/Versions/A/Frameworks/vecLib.framework/Versions/A/libBLAS.dylib
0x00007fff3647f000 	/System/Library/Frameworks/Accelerate.framework/Versions/A/Frameworks/vecLib.framework/Versions/A/libLAPACK.dylib
0x00007fff36829000 	/System/Library/Frameworks/Accelerate.framework/Versions/A/Frameworks/vecLib.framework/Versions/A/libLinearAlgebra.dylib
0x00007fff368c2000 	/System/Library/Frameworks/Accelerate.framework/Versions/A/Frameworks/vecLib.framework/Versions/A/libSparseBLAS.dylib
0x00007fff3683f000 	/System/Library/Frameworks/Accelerate.framework/Versions/A/Frameworks/vecLib.framework/Versions/A/libQuadrature.dylib
0x00007fff3640c000 	/System/Library/Frameworks/Accelerate.framework/Versions/A/Frameworks/vecLib.framework/Versions/A/libBNNS.dylib
0x00007fff36845000 	/System/Library/Frameworks/Accelerate.framework/Versions/A/Frameworks/vecLib.framework/Versions/A/libSparse.dylib
0x00007fff54bdd000 	/System/Library/PrivateFrameworks/GPUWrangler.framework/Versions/A/GPUWrangler
0x00007fff56ea1000 	/System/Library/PrivateFrameworks/IOAccelerator.framework/Versions/A/IOAccelerator
0x00007fff56eac000 	/System/Library/PrivateFrameworks/IOPresentment.framework/Versions/A/IOPresentment
0x00007fff4e673000 	/System/Library/PrivateFrameworks/DSExternalDisplay.framework/Versions/A/DSExternalDisplay
0x00007fff42726000 	/System/Library/Frameworks/OpenGL.framework/Versions/A/Libraries/libCoreFSCache.dylib
0x00007fff3e2a6000 	/System/Library/Frameworks/MetalPerformanceShaders.framework/Frameworks/MPSCore.framework/Versions/A/MPSCore
0x00007fff3e2c6000 	/System/Library/Frameworks/MetalPerformanceShaders.framework/Frameworks/MPSImage.framework/Versions/A/MPSImage
0x00007fff3e36b000 	/System/Library/Frameworks/MetalPerformanceShaders.framework/Frameworks/MPSNeuralNetwork.framework/Versions/A/MPSNeuralNetwork
0x00007fff3e343000 	/System/Library/Frameworks/MetalPerformanceShaders.framework/Frameworks/MPSMatrix.framework/Versions/A/MPSMatrix
0x00007fff3e497000 	/System/Library/Frameworks/MetalPerformanceShaders.framework/Frameworks/MPSRayIntersector.framework/Versions/A/MPSRayIntersector
0x00007fff58394000 	/System/Library/PrivateFrameworks/MetalTools.framework/Versions/A/MetalTools
0x00007fff491e8000 	/System/Library/PrivateFrameworks/AggregateDictionary.framework/Versions/A/AggregateDictionary
0x00007fff62781000 	/usr/lib/libMobileGestalt.dylib
0x00007fff3b3fb000 	/System/Library/Frameworks/CoreVideo.framework/Versions/A/CoreVideo
0x00007fff559e7000 	/System/Library/PrivateFrameworks/GraphVisualizer.framework/Versions/A/GraphVisualizer
0x00007fff4f86d000 	/System/Library/PrivateFrameworks/FaceCore.framework/Versions/A/FaceCore
0x00007fff41d54000 	/System/Library/Frameworks/OpenCL.framework/Versions/A/OpenCL
0x00007fff624d9000 	/usr/lib/libFosl_dynamic.dylib
0x00007fff5913c000 	/System/Library/PrivateFrameworks/OTSVG.framework/Versions/A/OTSVG
0x00007fff37c20000 	/System/Library/Frameworks/ApplicationServices.framework/Versions/A/Frameworks/ATS.framework/Versions/A/Resources/libFontParser.dylib
0x00007fff37d38000 	/System/Library/Frameworks/ApplicationServices.framework/Versions/A/Frameworks/ATS.framework/Versions/A/Resources/libFontRegistry.dylib
0x00007fff3c2f9000 	/System/Library/Frameworks/ImageIO.framework/Versions/A/Resources/libJPEG.dylib
0x00007fff3c60b000 	/System/Library/Frameworks/ImageIO.framework/Versions/A/Resources/libTIFF.dylib
0x00007fff3c5e1000 	/System/Library/Frameworks/ImageIO.framework/Versions/A/Resources/libPng.dylib
0x00007fff3c217000 	/System/Library/Frameworks/ImageIO.framework/Versions/A/Resources/libGIF.dylib
0x00007fff3c21c000 	/System/Library/Frameworks/ImageIO.framework/Versions/A/Resources/libJP2.dylib
0x00007fff3c608000 	/System/Library/Frameworks/ImageIO.framework/Versions/A/Resources/libRadiance.dylib
0x00007fff49c3c000 	/System/Library/PrivateFrameworks/AppleJPEG.framework/Versions/A/AppleJPEG
0x00007fff42731000 	/System/Library/Frameworks/OpenGL.framework/Versions/A/Libraries/libGFXShared.dylib
0x00007fff428f4000 	/System/Library/Frameworks/OpenGL.framework/Versions/A/Libraries/libGLU.dylib
0x00007fff4273a000 	/System/Library/Frameworks/OpenGL.framework/Versions/A/Libraries/libGL.dylib
0x00007fff42746000 	/System/Library/Frameworks/OpenGL.framework/Versions/A/Libraries/libGLImage.dylib
0x00007fff42723000 	/System/Library/Frameworks/OpenGL.framework/Versions/A/Libraries/libCVMSPluginSupport.dylib
0x00007fff4272c000 	/System/Library/Frameworks/OpenGL.framework/Versions/A/Libraries/libCoreVMClient.dylib
0x00007fff634b6000 	/usr/lib/libcups.2.dylib
0x00007fff3d7ce000 	/System/Library/Frameworks/Kerberos.framework/Versions/A/Kerberos
0x00007fff3bcfe000 	/System/Library/Frameworks/GSS.framework/Versions/A/GSS
0x00007fff64bc6000 	/usr/lib/libresolv.9.dylib
0x00007fff636a8000 	/usr/lib/libiconv.2.dylib
0x00007fff55b43000 	/System/Library/PrivateFrameworks/Heimdal.framework/Versions/A/Heimdal
0x00007fff63678000 	/usr/lib/libheimdal-asn1.dylib
0x00007fff41dc8000 	/System/Library/Frameworks/OpenDirectory.framework/Versions/A/OpenDirectory
0x00007fff4c609000 	/System/Library/PrivateFrameworks/CommonAuth.framework/Versions/A/CommonAuth
0x00007fff41dac000 	/System/Library/Frameworks/OpenDirectory.framework/Versions/A/Frameworks/CFOpenDirectory.framework/Versions/A/CFOpenDirectory
0x00007fff44e67000 	/System/Library/Frameworks/SecurityFoundation.framework/Versions/A/SecurityFoundation
0x00007fff48743000 	/System/Library/PrivateFrameworks/APFS.framework/Versions/A/APFS
0x00007fff6508e000 	/usr/lib/libutil.dylib
0x00007fff62b8d000 	/usr/lib/libcharset.1.dylib
0x00007fff49ed9000 	/System/Library/PrivateFrameworks/AppleSauce.framework/Versions/A/AppleSauce
0x00007fff4a05a000 	/System/Library/PrivateFrameworks/AssertionServices.framework/Versions/A/AssertionServices
0x00007fff4a937000 	/System/Library/PrivateFrameworks/BaseBoard.framework/Versions/A/BaseBoard
0x00007fff63a78000 	/usr/lib/libmecab.1.0.0.dylib
0x00007fff63672000 	/usr/lib/libgermantok.dylib
0x00007fff6295d000 	/usr/lib/libThaiTokenizer.dylib
0x00007fff62409000 	/usr/lib/libChineseTokenizer.dylib
0x00007fff57558000 	/System/Library/PrivateFrameworks/LanguageModeling.framework/Versions/A/LanguageModeling
0x00007fff4d2e8000 	/System/Library/PrivateFrameworks/CoreEmoji.framework/Versions/A/CoreEmoji
0x00007fff57634000 	/System/Library/PrivateFrameworks/Lexicon.framework/Versions/A/Lexicon
0x00007fff57677000 	/System/Library/PrivateFrameworks/LinguisticData.framework/Versions/A/LinguisticData
0x00007fff62b8e000 	/usr/lib/libcmph.dylib
0x00007fff44f25000 	/System/Library/Frameworks/ServiceManagement.framework/Versions/A/ServiceManagement
0x00007fff4a898000 	/System/Library/PrivateFrameworks/BackgroundTaskManagement.framework/Versions/A/BackgroundTaskManagement
0x00007fff65187000 	/usr/lib/libxslt.1.dylib
0x00007fff38c8b000 	/System/Library/Frameworks/Carbon.framework/Versions/A/Frameworks/Ink.framework/Versions/A/Ink
0x00007fff6049e000 	/System/Library/PrivateFrameworks/TextureIO.framework/Versions/A/TextureIO
0x00007fff629b1000 	/usr/lib/libate.dylib
0x00007fff4e5c3000 	/System/Library/PrivateFrameworks/CrashReporterSupport.framework/Versions/A/CrashReporterSupport
0x00007fff5dc50000 	/System/Library/PrivateFrameworks/Sharing.framework/Versions/A/Sharing
0x00007fff4a439000 	/System/Library/PrivateFrameworks/AuthKit.framework/Versions/A/AuthKit
0x00007fff497e3000 	/System/Library/PrivateFrameworks/Apple80211.framework/Versions/A/Apple80211
0x00007fff4e36f000 	/System/Library/PrivateFrameworks/CoreUtils.framework/Versions/A/CoreUtils
0x00007fff3b439000 	/System/Library/Frameworks/CoreWLAN.framework/Versions/A/CoreWLAN
0x00007fff3be2d000 	/System/Library/Frameworks/IOBluetooth.framework/Versions/A/IOBluetooth
0x00007fff5c0e0000 	/System/Library/PrivateFrameworks/ProtocolBuffer.framework/Versions/A/ProtocolBuffer
0x00007fff585c9000 	/System/Library/PrivateFrameworks/MobileKeyBag.framework/Versions/A/MobileKeyBag
0x00007fff4dbb5000 	/System/Library/PrivateFrameworks/CorePhoneNumbers.framework/Versions/A/CorePhoneNumbers
0x00007fff49bf0000 	/System/Library/PrivateFrameworks/AppleIDAuthSupport.framework/Versions/A/AppleIDAuthSupport
0x00007fff5752b000 	/System/Library/PrivateFrameworks/KeychainCircle.framework/Versions/A/KeychainCircle
0x00007fff5c296000 	/System/Library/PrivateFrameworks/ROCKit.framework/Versions/A/ROCKit
0x00007fff4e55f000 	/System/Library/PrivateFrameworks/CoreWiFi.framework/Versions/A/CoreWiFi
0x00007fff391d6000 	/System/Library/Frameworks/CoreBluetooth.framework/Versions/A/CoreBluetooth
0x00007fff4e7b9000 	/System/Library/PrivateFrameworks/DebugSymbols.framework/Versions/A/DebugSymbols
0x00007fff4e130000 	/System/Library/PrivateFrameworks/CoreSymbolication.framework/Versions/A/CoreSymbolication
0x00007fff5fcba000 	/System/Library/PrivateFrameworks/Symbolication.framework/Versions/A/Symbolication
0x00007fff5f55d000 	/System/Library/PrivateFrameworks/SpeechRecognitionCore.framework/Versions/A/SpeechRecognitionCore
0x00000001049c1000 	/Library/Java/JavaVirtualMachines/jdk1.8.0_181.jdk/Contents/Home/jre/lib/server/libjvm.dylib
0x00007fff64f5f000 	/usr/lib/libstdc++.6.dylib
0x0000000103a16000 	/Library/Java/JavaVirtualMachines/jdk1.8.0_181.jdk/Contents/Home/jre/lib/libverify.dylib
0x0000000103a24000 	/Library/Java/JavaVirtualMachines/jdk1.8.0_181.jdk/Contents/Home/jre/lib/libjava.dylib
0x0000000103a5b000 	/Library/Java/JavaVirtualMachines/jdk1.8.0_181.jdk/Contents/Home/jre/lib/libinstrument.dylib
0x0000000103af8000 	/Library/Java/JavaVirtualMachines/jdk1.8.0_181.jdk/Contents/Home/jre/lib/libzip.dylib
0x000000011ae52000 	/Library/Java/JavaVirtualMachines/jdk1.8.0_181.jdk/Contents/Home/jre/lib/libnet.dylib
0x000000011afca000 	/Library/Java/JavaVirtualMachines/jdk1.8.0_181.jdk/Contents/Home/jre/lib/libprism_es2.dylib
0x00007fff4dd39000 	/System/Library/PrivateFrameworks/CoreServicesInternal.framework/Versions/A/CoreServicesInternal
0x00007fff432df000 	/System/Library/Frameworks/OpenGL.framework/Versions/A/Resources/GLEngine.bundle/GLEngine
0x00007fff42781000 	/System/Library/Frameworks/OpenGL.framework/Versions/A/Libraries/libGLProgrammability.dylib
0x00007fff31ed1000 	/System/Library/Extensions/AppleIntelKBLGraphicsGLDriver.bundle/Contents/MacOS/AppleIntelKBLGraphicsGLDriver
0x00007fff54bd1000 	/System/Library/PrivateFrameworks/GPUSupport.framework/Versions/A/Libraries/libGPUSupportMercury.dylib
0x00007fff43475000 	/System/Library/Frameworks/OpenGL.framework/Versions/A/Resources/GLRendererFloat.bundle/GLRendererFloat
0x00007fff41d4b000 	/System/Library/Frameworks/OpenCL.framework/Versions/A/Libraries/libcldcpuengine.dylib
0x00007fff62fe2000 	/usr/lib/libcrypto.35.dylib
0x00007fff6061c000 	/System/Library/PrivateFrameworks/TrustEvaluationAgent.framework/Versions/A/TrustEvaluationAgent
0x000000011b89d000 	/Library/Java/JavaVirtualMachines/jdk1.8.0_181.jdk/Contents/Home/jre/lib/libglass.dylib
0x00007fff2e158000 	/System/Library/CoreServices/RawCamera.bundle/Contents/MacOS/RawCamera
0x00007fff58433000 	/System/Library/PrivateFrameworks/MobileAsset.framework/Versions/A/MobileAsset
0x00007fff5fc08000 	/System/Library/PrivateFrameworks/StreamingZip.framework/Versions/A/StreamingZip
0x00007fff3db59000 	/System/Library/Frameworks/MediaToolbox.framework/Versions/A/MediaToolbox
0x00007fff4ce8f000 	/System/Library/PrivateFrameworks/CoreAVCHD.framework/Versions/A/CoreAVCHD
0x00007fff3daa0000 	/System/Library/Frameworks/MediaAccessibility.framework/Versions/A/MediaAccessibility
0x00007fff57e99000 	/System/Library/PrivateFrameworks/Mangrove.framework/Versions/A/Mangrove
0x00007fff3a761000 	/System/Library/Frameworks/CoreMedia.framework/Versions/A/CoreMedia
0x00007fff45584000 	/System/Library/Frameworks/VideoToolbox.framework/Versions/A/VideoToolbox
0x00007fff4caab000 	/System/Library/PrivateFrameworks/CoreAUC.framework/Versions/A/CoreAUC
0x00007fff64c2f000 	/usr/lib/libspindump.dylib
0x00007fff49fbf000 	/System/Library/PrivateFrameworks/AppleVA.framework/Versions/A/AppleVA
0x00007fff35ae1000 	/System/Library/Frameworks/Accelerate.framework/Versions/A/Frameworks/vImage.framework/Versions/A/Libraries/libCGInterfaces.dylib
0x00007fff4fc92000 	/System/Library/PrivateFrameworks/FamilyControls.framework/Versions/A/FamilyControls
0x00007fff4c5fc000 	/System/Library/PrivateFrameworks/CommerceKit.framework/Versions/A/Frameworks/CommerceCore.framework/Versions/A/CommerceCore
0x00007fff5ff8d000 	/System/Library/PrivateFrameworks/SystemAdministration.framework/Versions/A/SystemAdministration
0x00007fff496e4000 	/System/Library/PrivateFrameworks/AppContainer.framework/Versions/A/AppContainer
0x00007fff49700000 	/System/Library/PrivateFrameworks/AppSandbox.framework/Versions/A/AppSandbox
0x00007fff5daf1000 	/System/Library/PrivateFrameworks/SecCodeWrapper.framework/Versions/A/SecCodeWrapper
0x00007fff64be0000 	/usr/lib/libsandbox.1.dylib
0x00007fff62750000 	/usr/lib/libMatch.1.dylib
0x00007fff4eb3e000 	/System/Library/PrivateFrameworks/DiskManagement.framework/Versions/A/DiskManagement
0x00007fff3b63e000 	/System/Library/Frameworks/DirectoryService.framework/Versions/A/DirectoryService
0x00007fff4ea6f000 	/System/Library/PrivateFrameworks/DiskImages.framework/Versions/A/DiskImages
0x00007fff57770000 	/System/Library/PrivateFrameworks/LoginUIKit.framework/Versions/A/Frameworks/LoginUICore.framework/Versions/A/LoginUICore
0x00007fff62414000 	/usr/lib/libCoreStorage.dylib
0x00007fff634a3000 	/usr/lib/libcsfde.dylib
0x00007fff64a60000 	/usr/lib/libodfde.dylib
0x00007fff57fb1000 	/System/Library/PrivateFrameworks/MediaKit.framework/Versions/A/MediaKit
0x00007fff3b64a000 	/System/Library/Frameworks/DiscRecording.framework/Versions/A/DiscRecording
0x00007fff4ecae000 	/System/Library/PrivateFrameworks/EFILogin.framework/Versions/A/EFILogin
0x00007fff5c08b000 	/System/Library/PrivateFrameworks/ProtectedCloudStorage.framework/Versions/A/ProtectedCloudStorage
0x00007fff63535000 	/usr/lib/libcurl.4.dylib
0x00007fff6330b000 	/usr/lib/libcrypto.42.dylib
0x00007fff64f11000 	/usr/lib/libssl.44.dylib
0x00007fff3d7e8000 	/System/Library/Frameworks/LDAP.framework/Versions/A/LDAP
0x00007fff64c1c000 	/usr/lib/libsasl2.2.dylib
0x00007fff4d0e5000 	/System/Library/PrivateFrameworks/CoreDaemon.framework/Versions/B/CoreDaemon
0x00007fff49ed4000 	/System/Library/PrivateFrameworks/AppleSRP.framework/Versions/A/AppleSRP
0x00007fff61455000 	/System/Library/PrivateFrameworks/ViewBridge.framework/Versions/A/ViewBridge
0x000000011b1b3000 	/Library/Java/JavaVirtualMachines/jdk1.8.0_181.jdk/Contents/Home/jre/lib/libawt.dylib
0x000000011f611000 	/Library/Java/JavaVirtualMachines/jdk1.8.0_181.jdk/Contents/Home/jre/lib/./libmlib_image.dylib
0x00007fff3d7b7000 	/System/Library/Frameworks/JavaVM.framework/Versions/A/Frameworks/JavaNativeFoundation.framework/Versions/A/JavaNativeFoundation
0x00007fff3d7c0000 	/System/Library/Frameworks/JavaVM.framework/Versions/A/Frameworks/JavaRuntimeSupport.framework/Versions/A/JavaRuntimeSupport
0x00007fff3d7c9000 	/System/Library/Frameworks/JavaVM.framework/Versions/A/JavaVM
0x00007fff5744a000 	/System/Library/PrivateFrameworks/JavaLaunching.framework/Versions/A/JavaLaunching
0x00007fff38985000 	/System/Library/Frameworks/Carbon.framework/Versions/A/Carbon
0x00007fff38986000 	/System/Library/Frameworks/Carbon.framework/Versions/A/Frameworks/CommonPanels.framework/Versions/A/CommonPanels
0x00007fff38c81000 	/System/Library/Frameworks/Carbon.framework/Versions/A/Frameworks/Help.framework/Versions/A/Help
0x00007fff38c85000 	/System/Library/Frameworks/Carbon.framework/Versions/A/Frameworks/ImageCapture.framework/Versions/A/ImageCapture
0x00007fff38d21000 	/System/Library/Frameworks/Carbon.framework/Versions/A/Frameworks/OpenScripting.framework/Versions/A/OpenScripting
0x00007fff38d59000 	/System/Library/Frameworks/Carbon.framework/Versions/A/Frameworks/Print.framework/Versions/A/Print
0x00007fff38d5b000 	/System/Library/Frameworks/Carbon.framework/Versions/A/Frameworks/SecurityHI.framework/Versions/A/SecurityHI
0x000000011f6dd000 	/Library/Java/JavaVirtualMachines/jdk1.8.0_181.jdk/Contents/Home/jre/lib/libawt_lwawt.dylib
0x000000011b25d000 	/Library/Java/JavaVirtualMachines/jdk1.8.0_181.jdk/Contents/Home/jre/lib/./libosxapp.dylib
0x00007fff3b8bb000 	/System/Library/Frameworks/ExceptionHandling.framework/Versions/A/ExceptionHandling
0x000000011f797000 	/Library/Java/JavaVirtualMachines/jdk1.8.0_181.jdk/Contents/Home/jre/lib/libfontmanager.dylib
0x000000011f53f000 	/Library/Java/JavaVirtualMachines/jdk1.8.0_181.jdk/Contents/Home/jre/lib/libjavafx_font.dylib
0x00007fff37dd4000 	/System/Library/Frameworks/ApplicationServices.framework/Versions/A/Frameworks/ATS.framework/Versions/A/Resources/libTrueTypeScaler.dylib
0x000000011fdbf000 	/usr/lib/libobjc-trampolines.dylib
0x00007fff32ca5000 	/System/Library/Extensions/AppleIntelKBLGraphicsMTLDriver.bundle/Contents/MacOS/AppleIntelKBLGraphicsMTLDriver
0x00007fff5353c000 	/System/Library/PrivateFrameworks/GPUCompiler.framework/Versions/3902/Libraries/libmetal_timestamp.dylib
0x000000011b321000 	/Library/Java/JavaVirtualMachines/jdk1.8.0_181.jdk/Contents/Home/jre/lib/libosxui.dylib
0x000000011b37a000 	/Library/Java/JavaVirtualMachines/jdk1.8.0_181.jdk/Contents/Home/jre/lib/libprism_common.dylib
0x0000000120e86000 	/Library/Java/JavaVirtualMachines/jdk1.8.0_181.jdk/Contents/Home/jre/lib/libnio.dylib

VM Arguments:
jvm_args: -javaagent:/Applications/IntelliJ IDEA.app/Contents/lib/idea_rt.jar=61771:/Applications/IntelliJ IDEA.app/Contents/bin -Dfile.encoding=UTF-8 
java_command: simuTP2.testQLCrawler
java_class_path (initial): /Library/Java/JavaVirtualMachines/jdk1.8.0_181.jdk/Contents/Home/jre/lib/charsets.jar:/Library/Java/JavaVirtualMachines/jdk1.8.0_181.jdk/Contents/Home/jre/lib/deploy.jar:/Library/Java/JavaVirtualMachines/jdk1.8.0_181.jdk/Contents/Home/jre/lib/ext/cldrdata.jar:/Library/Java/JavaVirtualMachines/jdk1.8.0_181.jdk/Contents/Home/jre/lib/ext/dnsns.jar:/Library/Java/JavaVirtualMachines/jdk1.8.0_181.jdk/Contents/Home/jre/lib/ext/jaccess.jar:/Library/Java/JavaVirtualMachines/jdk1.8.0_181.jdk/Contents/Home/jre/lib/ext/jfxrt.jar:/Library/Java/JavaVirtualMachines/jdk1.8.0_181.jdk/Contents/Home/jre/lib/ext/localedata.jar:/Library/Java/JavaVirtualMachines/jdk1.8.0_181.jdk/Contents/Home/jre/lib/ext/nashorn.jar:/Library/Java/JavaVirtualMachines/jdk1.8.0_181.jdk/Contents/Home/jre/lib/ext/sunec.jar:/Library/Java/JavaVirtualMachines/jdk1.8.0_181.jdk/Contents/Home/jre/lib/ext/sunjce_provider.jar:/Library/Java/JavaVirtualMachines/jdk1.8.0_181.jdk/Contents/Home/jre/lib/ext/sunpkcs11.jar:/Library/Java/JavaVirtualMachines/jdk1.8.0_181.jdk/Contents/Home/jre/lib/ext/zipfs.jar:/Library/Java/JavaVirtualMachines/jdk1.8.0_181.jdk/Contents/Home/jre/lib/javaws.jar:/Library/Java/JavaVirtualMachines/jdk1.8.0_181.jdk/Contents/Home/jre/lib/jce.jar:/Library/Java/JavaVirtualMachines/jdk1.8.0_181.jdk/Contents/Home/jre/lib/jfr.jar:/Library/Java/JavaVirtualMachines/jdk1.8.0_181.jdk/Contents/Home/jre/lib/jfxswt.jar:/Library/Java/JavaVirtualMachines/jdk1.8.0_181.jdk/Contents/Home/jre/lib/jsse.jar:/Library/Java/JavaVirtualMachines/jdk1.8.0_181.jdk/Contents/Home/jre/lib/management-agent.jar:/Library/Java/JavaVirtualMachines/jdk1.8.0_181.jdk/Contents/Home/jre/lib/plugin.jar:/Library/Java/JavaVirtualMachines/jdk1.8.0_181.jdk/Contents/Home/jre/lib/resources.jar:/Library/Java/JavaVirtualMachines/jdk1.8.0_181.jdk/Contents/Home/jre/lib/rt.jar:/Library/Java/JavaVirtualMachines/jdk1.8.0_181.jdk/Contents/Home/lib/ant-javafx.jar:/Library/Java/JavaVirtualMachines/jdk1.8.0_181.jdk/Contents/Home
Launcher Type: SUN_STANDARD

Environment Variables:
PATH=/usr/local/bin:/usr/bin:/bin:/usr/sbin:/sbin:/opt/X11/bin
SHELL=/usr/local/bin/fish
DISPLAY=/private/tmp/com.apple.launchd.oqNCYAJgRV/org.macosforge.xquartz:0

Signal Handlers:
SIGSEGV: [libjvm.dylib+0x5b6029], sa_mask[0]=11111111011111110111111111111111, sa_flags=SA_ONSTACK|SA_RESTART|SA_SIGINFO
SIGBUS: [libjvm.dylib+0x5b6029], sa_mask[0]=11111111011111110111111111111111, sa_flags=SA_RESTART|SA_SIGINFO
SIGFPE: [libjvm.dylib+0x48b934], sa_mask[0]=11111111011111110111111111111111, sa_flags=SA_RESTART|SA_SIGINFO
SIGPIPE: [libjvm.dylib+0x48b934], sa_mask[0]=11111111011111110111111111111111, sa_flags=SA_RESTART|SA_SIGINFO
SIGXFSZ: [libjvm.dylib+0x48b934], sa_mask[0]=11111111011111110111111111111111, sa_flags=SA_RESTART|SA_SIGINFO
SIGILL: [libjvm.dylib+0x48b934], sa_mask[0]=11111111011111110111111111111111, sa_flags=SA_RESTART|SA_SIGINFO
SIGUSR1: SIG_DFL, sa_mask[0]=00000000000000000000000000000000, sa_flags=none
SIGUSR2: [libjvm.dylib+0x48b452], sa_mask[0]=00100000000000000000000000000000, sa_flags=SA_RESTART|SA_SIGINFO
SIGHUP: [libjvm.dylib+0x489a1d], sa_mask[0]=11111111011111110111111111111111, sa_flags=SA_RESTART|SA_SIGINFO
SIGINT: [libjvm.dylib+0x489a1d], sa_mask[0]=11111111011111110111111111111111, sa_flags=SA_RESTART|SA_SIGINFO
SIGTERM: [libjvm.dylib+0x489a1d], sa_mask[0]=11111111011111110111111111111111, sa_flags=SA_RESTART|SA_SIGINFO
SIGQUIT: [libjvm.dylib+0x489a1d], sa_mask[0]=11111111011111110111111111111111, sa_flags=SA_RESTART|SA_SIGINFO


---------------  S Y S T E M  ---------------

OS:Bsduname:Darwin 18.5.0 Darwin Kernel Version 18.5.0: Mon Mar 11 20:40:32 PDT 2019; root:xnu-4903.251.3~3/RELEASE_X86_64 x86_64
rlimit: STACK 8192k, CORE 0k, NPROC 709, NOFILE 10240, AS infinity
load average:2.30 2.75 2.77

CPU:total 4 (initial active 4) (2 cores per cpu, 2 threads per core) family 6 model 142 stepping 9, cmov, cx8, fxsr, mmx, sse, sse2, sse3, ssse3, sse4.1, sse4.2, popcnt, avx, avx2, aes, clmul, erms, rtm, 3dnowpref, lzcnt, ht, tsc, tscinvbit, bmi1, bmi2, adx

Memory: 4k page, physical 8388608k(46264k free)

/proc/meminfo:


vm_info: Java HotSpot(TM) 64-Bit Server VM (25.181-b13) for bsd-amd64 JRE (1.8.0_181-b13), built on Jul  7 2018 01:02:31 by "java_re" with gcc 4.2.1 (Based on Apple Inc. build 5658) (LLVM build 2336.11.00)

time: Fri Jun 14 16:20:26 2019
elapsed time: 13 seconds (0d 0h 0m 13s)

